<?xml version="1.0" encoding="UTF-8"?>
<testsuite xmlns:xsi="http://www.w3.org/2001/XMLSchema-instance" xsi:noNamespaceSchemaLocation="https://maven.apache.org/surefire/maven-surefire-plugin/xsd/surefire-test-report-3.0.xsd" version="3.0" name="JsonLayoutTest" time="0.101" tests="4" errors="0" skipped="0" failures="0">
  <properties>
[...]
</properties>
  <testcase name="testFormatLogEvent1" classname="JsonLayoutTest" time="0.06"/>
  <testcase name="testFormatLogEvent2" classname="JsonLayoutTest" time="0.001"/>
  <testcase name="testFormatLogEvent3" classname="JsonLayoutTest" time="0.001"/>
  <testcase name="IgnoreThrowable" classname="JsonLayoutTest" time="0.0"/>
</testsuite>